Start testing: Mar 29 21:14 CEST
----------------------------------------------------------
1/8 Testing: BMI_IRF
1/8 Test: BMI_IRF
Command: "/home/jerom/bmi-example-c/_build/testing/test_irf"
Directory: /home/jerom/bmi-example-c/_build/testing
"BMI_IRF" start time: Mar 29 21:14 CEST
Output:
----------------------------------------------------------
Initializing... PASS
The 2D Heat Equation
Running until t = 1... PASS
Running until t = 2... PASS
Running until t = 3... PASS
Running until t = 4... PASS
Running until t = 5... PASS
Running until t = 6... PASS
Running until t = 7... PASS
Running until t = 8... PASS
Running until t = 9... PASS
Running until t = 10... PASS
Running until t = 1000.500000... PASS
Finalizing... PASS
<end of output>
Test time =   0.00 sec
----------------------------------------------------------
Test Passed.
"BMI_IRF" end time: Mar 29 21:14 CEST
"BMI_IRF" time elapsed: 00:00:00
----------------------------------------------------------

2/8 Testing: BMI_VAR_NAMES
2/8 Test: BMI_VAR_NAMES
Command: "/home/jerom/bmi-example-c/_build/testing/test_print_var_names"
Directory: /home/jerom/bmi-example-c/_build/testing
"BMI_VAR_NAMES" start time: Mar 29 21:14 CEST
Output:
----------------------------------------------------------
The 2D Heat Equation

Input var names
===============
plate_surface__temperature

Output var names
================
plate_surface__temperature
<end of output>
Test time =   0.00 sec
----------------------------------------------------------
Test Passed.
"BMI_VAR_NAMES" end time: Mar 29 21:14 CEST
"BMI_VAR_NAMES" time elapsed: 00:00:00
----------------------------------------------------------

3/8 Testing: BMI_GET_VALUES
3/8 Test: BMI_GET_VALUES
Command: "/home/jerom/bmi-example-c/_build/testing/test_get_value"
Directory: /home/jerom/bmi-example-c/_build/testing
"BMI_GET_VALUES" start time: Mar 29 21:14 CEST
Output:
----------------------------------------------------------
rank = 2
shape = 10 x 20
rank = 2
shape = 10 x 20
The 2D Heat Equation
Values at time 0
==============
Variable: plate_surface__temperature
================
0.000000 0.000000 0.000000 0.000000 0.000000 0.000000 0.000000 0.000000 0.000000 0.000000 0.000000 0.000000 0.000000 0.000000 0.000000 0.000000 0.000000 0.000000 0.000000 0.000000 
0.000000 -46.408938 -65.479700 54.903904 -61.969424 -17.879537 -66.822824 -70.610011 90.055875 -50.854629 2.334297 61.209758 20.331490 -36.816293 24.828184 4.383838 -1.158271 85.335892 -37.450720 0.000000 
0.000000 48.719447 -18.008734 70.671066 -39.111688 -26.631268 55.544276 75.634279 -77.659173 81.103537 4.692161 -74.716919 -55.555401 29.462460 70.436985 -27.274825 -78.667077 -86.635840 -7.634836 0.000000 
0.000000 84.949461 72.598557 63.341022 -42.116832 7.176742 -22.525141 46.974897 2.262633 30.274139 5.704961 -83.159898 -11.256414 77.946228 77.761168 39.881898 -38.935041 43.055444 25.266176 0.000000 
0.000000 -60.291663 -10.811133 68.603580 59.420797 -30.624148 -48.921245 71.003721 -27.009988 33.693918 82.392520 15.999544 28.393379 64.741077 -10.909435 76.526547 -18.332182 56.815425 33.251444 0.000000 
0.000000 -51.293595 81.270554 75.833150 -63.597367 68.781722 25.465048 -12.282408 21.587165 -39.518776 51.623379 -34.753854 -9.560439 -49.437754 -56.400274 -40.389642 10.188098 -15.071519 -59.635921 0.000000 
0.000000 -67.493401 -0.822346 47.015779 87.497676 78.518220 33.292326 -21.084506 45.083644 -23.706231 -37.154055 -48.326792 15.250174 -46.133501 -62.743643 41.902807 -67.601780 52.971405 -60.629601 0.000000 
0.000000 81.243778 -80.768468 3.892190 -58.443977 -46.918742 53.752548 41.994121 28.259739 84.366628 25.172231 46.882139 -73.376774 -65.900115 3.647918 -76.129098 -77.631895 -53.309757 -6.963605 0.000000 
0.000000 46.132341 -80.875043 -61.765813 90.248840 -53.368686 70.386994 -67.602940 89.852719 -80.492607 66.882446 -77.194652 -89.498830 76.363977 16.947538 -57.692806 -60.804764 -19.549913 74.551315 0.000000 
0.000000 0.000000 0.000000 0.000000 0.000000 0.000000 0.000000 0.000000 0.000000 0.000000 0.000000 0.000000 0.000000 0.000000 0.000000 0.000000 0.000000 0.000000 0.000000 0.000000 
Values at time 1
==============
Variable: plate_surface__temperature
================
0.000000 0.000000 0.000000 0.000000 0.000000 0.000000 0.000000 0.000000 0.000000 0.000000 0.000000 0.000000 0.000000 0.000000 0.000000 0.000000 0.000000 0.000000 0.000000 0.000000 
0.000000 -25.299501 -33.929071 20.354695 -31.245627 -28.367708 -37.529571 -22.946589 20.137461 -3.740601 3.048060 24.098488 6.270503 -9.080380 17.164658 1.741305 0.802446 27.012342 -9.012728 0.000000 
0.000000 26.926197 6.809304 42.976096 -27.061652 -12.599410 22.729019 32.098388 -7.697546 28.858331 4.149315 -46.460132 -32.300123 21.732670 48.315616 -9.132957 -58.584035 -38.056742 -16.169966 0.000000 
0.000000 50.103023 51.233106 52.890057 -9.705057 -11.648803 -3.665737 39.284385 -2.296199 30.482701 7.127346 -49.613552 -9.675168 59.061650 61.050044 30.950680 -21.225260 16.091562 21.217095 0.000000 
0.000000 -27.290240 14.867062 57.774770 21.243553 -4.504822 -19.045688 30.347017 2.563436 22.614196 54.573985 7.108790 21.687161 38.119591 14.873847 34.544603 3.908288 33.770611 19.431432 0.000000 
0.000000 -31.461111 42.248536 54.578143 4.642984 35.611080 17.841323 5.980224 6.577642 -9.359609 22.182419 -16.159965 -9.848726 -30.638019 -48.635196 -11.167674 -12.580341 0.006616 -35.124170 0.000000 
0.000000 -30.105721 -2.908115 44.307973 44.185420 57.090732 33.727576 2.968707 23.173843 -5.255935 -17.981704 -25.385346 -14.549601 -43.420668 -38.494703 -9.906617 -30.372088 1.909120 -32.018316 0.000000 
0.000000 27.855698 -39.954412 -17.299215 -12.381993 -20.902108 39.220612 20.162666 46.792009 35.837455 32.708260 1.725321 -48.346716 -37.887355 -21.654206 -49.286296 -71.046623 -33.051629 -8.405308 0.000000 
0.000000 23.112262 -52.487764 -29.224658 23.427110 -12.469706 26.791112 -8.522241 29.946884 -10.108580 16.876844 -35.564106 -54.025346 20.875563 11.263655 -43.844694 -49.761709 -14.720357 33.961468 0.000000 
0.000000 0.000000 0.000000 0.000000 0.000000 0.000000 0.000000 0.000000 0.000000 0rank = 2
shape = 10 x 20
rank = 2
shape = 10 x 20
.000000 0.000000 0.000000 0.000000 0.000000 0.000000 0.000000 0.000000 0.000000 0.000000 0.000000 
Values at time 2
==============
Variable: plate_surface__temperature
================
0.000000 0.000000 0.000000 0.000000 0.000000 0.000000 0.000000 0.000000 0.000000 0.000000 0.000000 0.000000 0.000000 0.000000 0.000000 0.000000 0.000000 0.000000 0.000000 0.000000 
0.000000 -13.525110 -16.731473 7.402522 -20.007147 -24.355680 -22.337945 -9.635010 5.770639 4.635181 4.587430 7.406548 0.975000 1.105789 13.704397 1.974921 -3.327575 7.722793 -3.151067 0.000000 
0.000000 17.414702 14.305443 28.112099 -14.852576 -11.843348 8.652468 19.970352 6.000975 17.328399 1.146358 -29.938300 -19.666578 19.115930 35.509610 -1.763533 -37.743582 -22.984633 -11.316530 0.000000 
0.000000 31.410144 41.200234 44.229893 -0.424634 -9.633780 2.081996 26.702626 6.931022 22.279310 8.512729 -30.044172 -4.983192 43.434217 49.675246 23.629894 -11.566818 7.508994 13.027676 0.000000 
0.000000 -9.456498 22.929303 46.834737 16.647761 1.017607 -4.520621 18.771303 8.437050 21.089662 34.666086 4.865349 14.056641 27.182875 18.071804 22.092944 6.267846 21.815043 12.198658 0.000000 
0.000000 -17.623984 25.508765 45.910854 21.773767 27.189317 15.954811 10.206948 6.083558 1.084986 12.475298 -8.822841 -9.881916 -23.292135 -32.495916 -10.156031 -10.993278 -1.499789 -19.134618 0.000000 
0.000000 -15.867052 0.607989 31.973516 33.800172 40.123112 31.503960 11.864892 17.972224 1.330781 -5.959677 -18.563416 -23.149982 -36.906544 -34.699437 -21.118403 -26.639102 -10.974867 -21.211702 0.000000 
0.000000 8.059365 -25.582130 -13.306244 -2.514595 -1.518598 27.082712 20.138719 37.036110 25.935697 20.911370 -8.710828 -37.265480 -30.511931 -25.127690 -42.949665 -55.832277 -28.058711 -8.091213 0.000000 
0.000000 8.477123 -32.002233 -20.407313 4.954010 -2.570339 15.674139 5.351462 18.493590 5.278358 6.817869 -22.209951 -34.892080 0.356651 0.053911 -32.895391 -41.082314 -13.466663 14.090026 0.000000 
0.000000 0.000000 0.000000 0.000000 0.000000 0.000000 0.000000 0.000000 0.000000 0.000000 0.000000 0.000000 0.000000 0.000000 0.000000 0.000000 0.000000 0.000000 0.000000 0.000000 
Values at time 3
==============
Variable: plate_surface__temperature
================
0.000000 0.000000 0.000000 0.000000 0.000000 0.000000 0.000000 0.000000 0.000000 0.000000 0.000000 0.000000 0.000000 0.000000 0.000000 0.000000 0.000000 0.000000 0.000000 0.000000 
0.000000 -6.677151 -7.342880 2.622946 -13.979290 -18.951395 -14.336250 -4.392124 3.010463 5.778399 3.942226 0.656290 -0.906780 4.777310 11.675988 2.064122 -5.169521 0.178487 -2.024751 0.000000 
0.000000 12.731161 15.902167 20.441710 -7.946667 -10.945370 2.810116 13.950309 9.250539 12.921927 0.634461 -20.113881 -11.687109 17.105845 27.846310 2.039589 -23.827111 -15.720857 -7.296768 0.000000 
0.000000 21.849877 34.709465 36.580251 4.336595 -5.962937 3.691085 19.320647 11.393006 17.872381 7.762312 -17.715013 -1.519083 33.090966 39.918314 19.119677 -5.825515 3.790905 7.562728 0.000000 
0.000000 -0.138816 24.475556 39.632095 16.974065 4.219138 2.467904 14.488902 10.827968 18.853260 23.200923 3.664639 9.176210 20.125254 17.342796 15.773161 5.802409 13.966985 8.062841 0.000000 
0.000000 -8.788840 19.232403 38.716775 26.330396 23.453321 16.024856 11.687795 7.754430 5.664905 8.858718 -5.799506 -10.091998 -18.158755 -22.507433 -10.392347 -9.500023 -3.160860 -10.881413 0.000000 
0.000000 -9.053104 2.308132 24.363354 28.319561 31.433412 27.630171 15.910178 16.025530 5.544544 -0.960585 -15.112124 -24.402161 -32.409957 -31.805788 -24.864731 -25.684404 -15.163596 -15.380939 0.000000 
0.000000 -0.091825 -17.371205 -8.719437 1.733870 7.005812 21.766133 20.236256 28.835584 21.037426 12.716068 -11.496349 -30.790843 -27.623848 -26.077235 -38.346553 -45.257362 -25.074983 -8.443155 0.000000 
0.000000 1.245703 -20.690157 -15.247965 -0.709526 1.103524 11.570049 9.464037 15.205037 9.045074 3.906407 -15.703105 -24.835888 -7.990437 -7.181348 -26.944954 -33.315448 -13.614706 4.350278 0.000000 
0.000000 0.000000 0.000000 0.000000 0.000000 0.000000 0.000000 0.000000 0.000000 0.00rank = 2
shape = 10 x 20
rank = 2
shape = 10 x 20
0000 0.000000 0.000000 0.000000 0.000000 0.000000 0.000000 0.000000 0.000000 0.000000 0.000000 
Values at time 4
==============
Variable: plate_surface__temperature
================
0.000000 0.000000 0.000000 0.000000 0.000000 0.000000 0.000000 0.000000 0.000000 0.000000 0.000000 0.000000 0.000000 0.000000 0.000000 0.000000 0.000000 0.000000 0.000000 0.000000 
0.000000 -2.665040 -2.190445 1.201415 -10.024035 -14.383311 -9.734801 -1.867997 2.834833 5.373527 2.854757 -1.806659 -1.235079 5.873037 10.173962 2.100318 -5.282823 -2.775148 -1.902160 0.000000 
0.000000 10.249942 15.518515 16.115692 -3.991628 -9.229045 0.450030 10.348802 9.784733 10.652936 0.881304 -13.570862 -6.522792 15.306357 22.765622 4.170169 -14.998094 -11.254739 -4.921244 0.000000 
0.000000 16.837665 29.705714 30.680108 7.123887 -2.818788 4.175009 15.100736 12.855445 15.302504 6.880250 -10.133258 0.848590 25.999274 32.134125 16.048032 -2.302023 1.893370 4.350986 0.000000 
0.000000 4.622666 23.917171 34.409378 17.801810 6.726113 6.036950 12.782490 11.975184 16.622402 16.492828 2.940146 6.110456 15.244029 15.335060 11.870647 4.703031 8.795404 5.362458 0.000000 
0.000000 -3.139360 16.705154 33.053169 26.598163 21.477636 16.167327 12.616193 9.402990 7.958822 7.192576 -4.484849 -9.944025 -14.689894 -16.630478 -10.333552 -8.929412 -4.277686 -6.750576 0.000000 
0.000000 -5.348119 3.300497 19.759806 24.642410 26.517814 24.456908 17.402558 15.268357 7.993182 1.020608 -12.888387 -23.251696 -28.953798 -29.135313 -25.711002 -24.690416 -16.244446 -12.001490 0.000000 
0.000000 -3.193238 -12.084764 -5.174962 4.103986 10.507524 19.188353 19.615120 23.480823 17.536372 7.918896 -11.859425 -26.440202 -25.970483 -26.158310 -34.566312 -37.931355 -22.847344 -8.734783 0.000000 
0.000000 -1.974896 -14.266762 -11.388872 -1.906084 2.785054 9.826736 10.608436 13.520605 9.541145 2.710458 -11.904781 -19.228492 -11.450354 -11.217253 -23.327896 -27.384852 -13.562372 -0.582093 0.000000 
0.000000 0.000000 0.000000 0.000000 0.000000 0.000000 0.000000 0.000000 0.000000 0.000000 0.000000 0.000000 0.000000 0.000000 0.000000 0.000000 0.000000 0.000000 0.000000 0.000000 
Values at time 5
==============
Variable: plate_surface__temperature
================
0.000000 0.000000 0.000000 0.000000 0.000000 0.000000 0.000000 0.000000 0.000000 0.000000 0.000000 0.000000 0.000000 0.000000 0.000000 0.000000 0.000000 0.000000 0.000000 0.000000 
0.000000 -0.325083 0.661639 1.088359 -7.158708 -10.815141 -6.842560 -0.502894 3.078699 4.729579 1.983400 -2.397228 -0.924591 5.967173 8.929353 2.182822 -4.600527 -3.692539 -1.913129 0.000000 
0.000000 8.836363 14.494371 13.483897 -1.497502 -7.207485 -0.329990 8.107838 9.478868 9.244227 1.292787 -8.983106 -3.092770 13.667571 19.105888 5.324569 -9.332724 -8.227509 -3.561361 0.000000 
0.000000 13.991123 25.722039 26.259388 8.770881 -0.309899 4.433620 12.570586 12.948117 13.527631 6.258047 -5.429363 2.356005 20.941275 26.085561 13.758131 -0.195219 0.895389 2.467316 0.000000 
0.000000 7.013268 22.638950 30.386221 18.258098 8.675257 7.999842 12.107378 12.445508 14.777368 12.450836 2.468220 4.191321 11.716376 12.994820 9.154395 3.530842 5.357849 3.480706 0.000000 
0.000000 0.427783 15.494012 28.710647 25.420960 20.239995 16.157124 13.277517 10.678814 9.130804 6.219714 -3.829886 -9.511510 -12.380481 -13.168202 -10.091806 -8.789534 -5.029972 -4.739878 0.000000 
0.000000 -3.053072 4.029258 16.857542 21.943676 23.394467 22.137960 17.695851 14.919122 9.219611 1.787338 -11.266114 -21.404149 -26.107822 -26.749355 -25.196200 -23.447235 -16.099340 -9.966971 0.000000 
0.000000 -4.022591 -8.459190 -2.538711 5.560604 11.828163 17.644962 18.642581 19.982968 14.884942 5.135450 -11.344022 -23.258863 -24.610575 -25.690325 -31.424226 -32.651793 -20.982791 -8.796257 0.000000 
0.000000 -3.169948 -10.314447 -8.362912 -1.515521 3.696049 8.986099 10.674526 12.214103 8.991502 2.049636 -9.499573 -15.838663 -12.777206 -13.225696 -20.810000 -23.045129 -13.132972 -3.078191 0.000000 
0.000000 0.000000 0.000000 0.000000 0.000000 0.000000 0.000000 0.000000 0.000000 0.000000 0.000000 0.000000 0.000000 0.rank = 2
shape = 10 x 20
rank = 2
shape = 10 x 20
000000 0.000000 0.000000 0.000000 0.000000 0.000000 0.000000 
Values at time 6
==============
Variable: plate_surface__temperature
================
0.000000 0.000000 0.000000 0.000000 0.000000 0.000000 0.000000 0.000000 0.000000 0.000000 0.000000 0.000000 0.000000 0.000000 0.000000 0.000000 0.000000 0.000000 0.000000 0.000000 
0.000000 1.024709 2.238025 1.417533 -4.982389 -8.058664 -4.877283 0.291550 3.252544 4.153080 1.444842 -2.189151 -0.402649 5.692628 7.871662 2.298086 -3.655569 -3.688915 -1.863302 0.000000 
0.000000 7.938233 13.335178 11.785026 0.237322 -5.222809 -0.353568 6.705991 8.911794 8.250721 1.709214 -5.694875 -0.781900 12.198981 16.303826 5.876549 -5.628698 -6.075159 -2.739846 0.000000 
0.000000 12.192020 22.533998 22.925074 9.724201 1.679085 4.708128 10.984912 12.476883 12.167285 5.859260 -2.452286 3.254310 17.198827 21.392795 11.925229 1.008845 0.372999 1.335500 0.000000 
0.000000 8.138866 21.146417 27.176496 18.285714 10.111133 9.171594 11.840371 12.536714 13.333032 9.940837 2.156974 2.974297 9.076555 10.720927 7.101196 2.456358 3.038545 2.126014 0.000000 
0.000000 2.645667 14.722836 25.375165 23.854532 19.325973 16.035476 13.718654 11.561026 9.677341 5.552244 -3.426154 -8.933655 -10.824135 -11.112454 -9.795846 -8.774538 -5.548849 -3.809468 0.000000 
0.000000 -1.472230 4.619541 14.946880 19.876035 21.215958 20.430531 17.470073 14.656717 9.700081 2.057251 -9.981897 -19.470113 -23.696981 -24.644996 -24.062178 -22.065726 -15.478041 -8.687920 0.000000 
0.000000 -3.846572 -5.835406 -0.569850 6.495003 12.201092 16.521831 17.571079 17.574078 12.858662 3.489962 -10.533148 -20.779108 -23.284564 -24.846394 -28.755653 -28.688319 -19.326441 -8.651623 0.000000 
0.000000 -3.377104 -7.656230 -5.977541 -0.646043 4.260367 8.494991 10.317611 11.063176 8.139336 1.603241 -7.891418 -13.611287 -13.097970 -14.022539 -18.866881 -19.846910 -12.454750 -4.280249 0.000000 
0.000000 0.000000 0.000000 0.000000 0.000000 0.000000 0.000000 0.000000 0.000000 0.000000 0.000000 0.000000 0.000000 0.000000 0.000000 0.000000 0.000000 0.000000 0.000000 0.000000 
Values at time 7
==============
Variable: plate_surface__temperature
================
0.000000 0.000000 0.000000 0.000000 0.000000 0.000000 0.000000 0.000000 0.000000 0.000000 0.000000 0.000000 0.000000 0.000000 0.000000 0.000000 0.000000 0.000000 0.000000 0.000000 
0.000000 1.784387 3.091190 1.838849 -3.291671 -5.914642 -3.453727 0.780931 3.295825 3.695054 1.181564 -1.676161 0.138873 5.304814 6.972648 2.410623 -2.705225 -3.293711 -1.735246 0.000000 
0.000000 7.288105 12.229499 10.631901 1.531665 -3.423383 -0.012531 5.832331 8.291664 7.493033 2.087101 -3.311703 0.778521 10.901163 14.069411 6.050580 -3.170015 -4.498137 -2.195293 0.000000 
0.000000 10.922397 19.966835 20.365002 10.253000 3.254624 5.039317 9.958878 11.813530 11.073630 5.600261 -0.529184 3.744522 14.339744 17.714998 10.385038 1.645159 0.099966 0.637646 0.000000 
0.000000 8.567446 19.644733 24.554794 18.001152 11.113362 9.922685 11.721670 12.419771 12.206788 8.333107 1.958073 2.181421 7.047017 8.667725 5.463931 1.524935 1.445088 1.133579 0.000000 
0.000000 3.996518 14.084767 22.775176 22.285127 18.565124 15.848582 13.972696 12.104191 9.856968 5.057281 -3.113869 -8.310091 -9.745384 -9.874233 -9.503920 -8.756527 -5.902362 -3.418579 0.000000 
0.000000 -0.308785 5.105030 13.636051 18.252064 19.587183 19.120683 17.032159 14.366516 9.756287 2.123674 -8.912469 -17.659012 -21.626467 -22.787249 -22.688867 -20.658247 -14.692637 -7.836351 0.000000 
0.000000 -3.258879 -3.849342 0.918692 7.105156 12.162191 15.598127 16.520989 15.805743 11.292263 2.493231 -9.661882 -18.751943 -21.944839 -23.761666 -26.435798 -25.593501 -17.822312 -8.362638 0.000000 
0.000000 -3.126402 -5.726871 -4.097786 0.274207 4.636439 8.134972 9.799961 10.035466 7.260303 1.268855 -6.763358 -12.026705 -12.913784 -14.112675 -17.261578 -17.424699 -11.659075 -4.778421 0.000000 
0.000000 0.000000 0.000000 0.000000 0.000000 0.000000 0.000000 0.000000 0.000000 0.000000 0.000000 0.000000 0.000000 0.000000 0.000000 0.000000 0.000000 0.000000 0.000000 0.000000 
Values at time rank = 2
shape = 10 x 20
rank = 2
shape = 10 x 20
rank = 2
shape = 10 x 20
8
==============
Variable: plate_surface__temperature
================
0.000000 0.000000 0.000000 0.000000 0.000000 0.000000 0.000000 0.000000 0.000000 0.000000 0.000000 0.000000 0.000000 0.000000 0.000000 0.000000 0.000000 0.000000 0.000000 0.000000 
0.000000 2.189605 3.527187 2.223352 -1.963851 -4.228419 -2.370144 1.099769 3.243869 3.343829 1.104031 -1.086989 0.620333 4.903992 6.209430 2.495062 -1.859251 -2.764182 -1.553749 0.000000 
0.000000 6.761088 11.237004 9.811578 2.537063 -1.854302 0.493052 5.293534 7.700172 6.889947 2.413945 -1.573317 1.823367 9.762143 12.239629 5.987172 -1.523461 -3.318950 -1.797114 0.000000 
0.000000 9.938997 17.878622 18.358317 10.520555 4.500099 5.410115 9.280295 11.124758 10.176016 5.420712 0.734302 3.968574 12.095834 14.790239 9.051852 1.927570 -0.046298 0.198604 0.000000 
0.000000 8.604179 18.219097 22.375655 17.526362 11.774629 10.426709 11.645088 12.190658 11.313828 7.269354 1.837971 1.645651 5.453947 6.877827 4.116188 0.737174 0.329559 0.399809 0.000000 
0.000000 4.791187 13.482565 20.707680 20.841753 17.886844 15.621940 14.074673 12.379089 9.819052 4.678626 -2.832835 -7.697151 -8.968164 -9.108220 -9.233922 -8.695713 -6.129013 -3.284931 0.000000 
0.000000 0.575941 5.497851 12.699396 16.952721 18.306099 18.068598 16.513690 14.020555 9.583071 2.111128 -7.995120 -16.029627 -19.830294 -21.137529 -21.267585 -19.295565 -13.873728 -7.227407 0.000000 
0.000000 -2.540005 -2.294925 2.058606 7.503472 11.946958 14.791418 15.539993 14.429776 10.060577 1.874480 -8.822758 -17.037526 -20.604152 -22.540903 -24.381100 -23.089382 -16.449637 -7.985954 0.000000 
0.000000 -2.686420 -4.247627 -2.615640 1.092580 4.889640 7.821802 9.236409 9.125984 6.454725 1.008200 -5.934146 -10.816988 -12.467419 -13.798466 -15.877436 -15.526619 -10.832717 -4.891925 0.000000 
0.000000 0.000000 0.000000 0.000000 0.000000 0.000000 0.000000 0.000000 0.000000 0.000000 0.000000 0.000000 0.000000 0.000000 0.000000 0.000000 0.000000 0.000000 0.000000 0.000000 
Values at time 9
==============
Variable: plate_surface__temperature
================
0.000000 0.000000 0.000000 0.000000 0.000000 0.000000 0.000000 0.000000 0.000000 0.000000 0.000000 0.000000 0.000000 0.000000 0.000000 0.000000 0.000000 0.000000 0.000000 0.000000 
0.000000 2.380837 3.719839 2.533540 -0.915426 -2.887746 -1.514522 1.320792 3.139906 3.076646 1.135864 -0.524613 1.015213 4.525984 5.559551 2.539700 -1.153698 -2.223585 -1.347036 0.000000 
0.000000 6.301245 10.365811 9.200256 3.332779 -0.514426 1.056426 4.968428 7.169099 6.399219 2.687144 -0.301080 2.508900 8.763924 10.713438 5.776471 -0.419663 -2.425857 -1.482819 0.000000 
0.000000 9.124984 16.158488 16.752460 10.625508 5.481424 5.792577 8.824334 10.480771 9.431664 5.284558 1.573894 4.021681 10.294780 12.428262 7.878572 1.991193 -0.131051 -0.081148 0.000000 
0.000000 8.420750 16.902176 20.539260 16.952255 12.179816 10.769826 11.569086 11.903174 10.588799 6.541069 1.771045 1.268243 4.183367 5.345432 2.987210 0.078287 -0.465012 -0.144692 0.000000 
0.000000 5.228429 12.893260 19.028761 19.555077 17.261475 15.368073 14.057312 12.452662 9.653853 4.385150 -2.563377 -7.121697 -8.381797 -8.611834 -8.986377 -8.588022 -6.255108 -3.262042 0.000000 
0.000000 1.256600 5.806798 12.001805 15.895201 17.259940 17.188442 15.969822 13.623481 9.292950 2.073196 -7.194322 -14.584825 -18.257581 -19.662140 -19.889807 -18.013584 -13.074567 -6.756780 0.000000 
0.000000 -1.820678 -1.051359 2.940841 7.758094 11.659808 14.067878 14.641408 13.308277 9.073045 1.481883 -8.047918 -15.552954 -19.286594 -21.260607 -22.537463 -21.001306 -15.197541 -7.564098 0.000000 
0.000000 -2.191664 -3.073436 -1.444875 1.768474 5.052488 7.525584 8.679177 8.328106 5.751707 0.803482 -5.296016 -9.838380 -11.886160 -13.259953 -14.651991 -13.988251 -10.024881 -4.798296 0.000000 
0.000000 0.000000 0.000000 0.000000 0.000000 0.000000 0.000000 0.000000 0.000000 0.000000 0.000000 0.000000 0.000000 0.000000 0.000000 0.000000 0.000000 0.000000 0.000000 0.000000 
Values at time 10
==============
Variable: plate_surface__temperature
================
0.000000 0.000000 0.000000 0.000000 0.000000 0.000000 0.000000 0.000000 0.000000 0.000000 0.000000 0.000000 0.000000 0.000000 0.000000 0.000000 0.000000 0.000000 0.000000 0.000000 
0.000000 2.443054 3.769943 2.767354 -0.085391 -1.811920 -0.821077 1.484622 3.015770 2.872696 1.222829 -0.031057 1.321390 4.180328 5.002166 2.542640 -0.589792 -1.727616 -1.136819 0.000000 
0.000000 5.884576 9.605384 8.723202 3.965879 0.615647 1.619720 4.780545 6.708090 5.995179 2.908392 0.630125 2.941917 7.887350 9.422745 5.477242 0.313682 -1.745068 -1.223164 0.000000 
0.000000 8.422552 14.722423 15.441669 10.627619 6.251147 6.162790 8.513525 9.906420 8.810000 5.171500 2.133972 3.966568 8.822044 10.493159 6.837178 1.921365 -0.188128 -0.260394 0.000000 
0.000000 8.117324 15.702558 18.974086 16.338585 12.398031 10.998607 11.478874 11.588002 9.985620 6.024229 1.738001 0.990921 3.157516 4.046092 2.033095 -0.470185 -1.039076 -0.548371 0.000000 
0.000000 5.435541 12.317400 17.638056 18.419750 16.676101 15.093668 13.948612 12.381059 9.416872 4.155668 -2.301666 -6.593568 -7.916866 -8.266527 -8.755995 -8.441109 -6.301259 -3.275594 0.000000 
0.000000 1.780118 6.040937 11.459853 15.019465 16.380585 16.427435 15.423742 13.189704 8.949422 2.032306 -6.487526 -13.308232 -16.868210 -18.333548 -18.594849 -16.826005 -12.315160 -6.365979 0.000000 
0.000000 -1.158642 -0.043989 3.628379 7.912087 11.347204 13.410844 13.823848 12.362393 8.265875 1.228667 -7.344135 -14.246192 -18.012960 -19.973572 -20.869196 -19.217758 -14.056877 -7.126126 0.000000 
0.000000 -1.707596 -2.122706 -0.517953 2.304950 5.145477 7.237735 8.151476 7.631448 5.151433 0.643938 -4.783360 -9.011082 -11.241196 -12.604821 -13.549204 -12.703898 -9.260452 -4.597771 0.000000 
0.000000 0.000000 0.000000 0.000000 0.000000 0.000000 0.000000 0.000000 0.000000 0.000000 0.000000 0.000000 0.000000 0.000000 0.000000 0.000000 0.000000 0.000000 0.000000 0.000000 
<end of output>
Test time =   0.00 sec
----------------------------------------------------------
Test Passed.
"BMI_GET_VALUES" end time: Mar 29 21:14 CEST
"BMI_GET_VALUES" time elapsed: 00:00:00
----------------------------------------------------------

4/8 Testing: BMI_SET_VALUES
4/8 Test: BMI_SET_VALUES
Command: "/home/jerom/bmi-example-c/_build/testing/test_set_value"
Directory: /home/jerom/bmi-example-c/_build/testing
"BMI_SET_VALUES" start time: Mar 29 21:14 CEST
Output:
----------------------------------------------------------
The 2D Heat Equation
Values before set
=================
Variable: plate_surface__temperature
Number of dimension: 2
Shape: 10 x 20
================
0.000000 0.000000 0.000000 0.000000 0.000000 0.000000 0.000000 0.000000 0.000000 0.000000 0.000000 0.000000 0.000000 0.000000 0.000000 0.000000 0.000000 0.000000 0.000000 0.000000 
0.000000 -46.408938 -65.479700 54.903904 -61.969424 -17.879537 -66.822824 -70.610011 90.055875 -50.854629 2.334297 61.209758 20.331490 -36.816293 24.828184 4.383838 -1.158271 85.335892 -37.450720 0.000000 
0.000000 48.719447 -18.008734 70.671066 -39.111688 -26.631268 55.544276 75.634279 -77.659173 81.103537 4.692161 -74.716919 -55.555401 29.462460 70.436985 -27.274825 -78.667077 -86.635840 -7.634836 0.000000 
0.000000 84.949461 72.598557 63.341022 -42.116832 7.176742 -22.525141 46.974897 2.262633 30.274139 5.704961 -83.159898 -11.256414 77.946228 77.761168 39.881898 -38.935041 43.055444 25.266176 0.000000 
0.000000 -60.291663 -10.811133 68.603580 59.420797 -30.624148 -48.921245 71.003721 -27.009988 33.693918 82.392520 15.999544 28.393379 64.741077 -10.909435 76.526547 -18.332182 56.815425 33.251444 0.000000 
0.000000 -51.293595 81.270554 75.833150 -63.597367 68.781722 25.465048 -12.282408 21.587165 -39.518776 51.623379 -34.753854 -9.560439 -49.437754 -56.400274 -40.389642 10.188098 -15.071519 -59.635921 0.000000 
0.000000 -67.493401 -0.822346 47.015779 87.497676 78.518220 33.292326 -21.084506 45.083644 -23.706231 -37.154055 -48.326792 15.250174 -46.133501 -62.743643 41.902807 -67.601780 52.971405 -60.629601 0.000000 
0.000000 81.243778 -80.768468 3.892190 -58.443977 -46.918742 53.752548 41.994121 28.259739 84.366628 25.172231 46.882139 -73.376774 -65.900115 3.647918 -76.129098 -77.631895 -53.309757 -6.963605 0.000000 
0.000000 46.132341 -80.875043 -61.765813 90.248840 -53.368686 70.386994 -67.602940 89.852719 -80.492607 66.882446 -77.194652 -89.498830 76.363977 16.947538 -57.692806 -60.804764 -19.549913 74.551315 0.000000 
0.000000 0.000000 0.000000 0.000000 0.000000 0.000000 0.000000 0.000000 0.000000 0.000000 0.000000 0.000000 0.000000 0.000000 0.000000 0.000000 0.000000 0.000000 0.000000 0.000000 
Values after set
================
Variable: plate_surface__temperature
Number of dimension: 2
Shape: 10 x 20
================
-1.000000 -1.000000 -1.000000 -1.000000 -1.000000 -1.000000 -1.000000 -1.000000 -1.000000 -1.000000 -1.000000 -1.000000 -1.000000 -1.000000 -1.000000 -1.000000 -1.000000 -1.000000 -1.000000 -1.000000 
-1.000000 -1.000000 -1.000000 -1.000000 -1.000000 -1.000000 -1.000000 -1.000000 -1.000000 -1.000000 -1.000000 -1.000000 -1.000000 -1.000000 -1.000000 -1.000000 -1.000000 -1.000000 -1.000000 -1.000000 
-1.000000 -1.000000 -1.000000 -1.000000 -1.000000 -1.000000 -1.000000 -1.000000 -1.000000 -1.000000 -1.000000 -1.000000 -1.000000 -1.000000 -1.000000 -1.000000 -1.000000 -1.000000 -1.000000 -1.000000 
-1.000000 -1.000000 -1.000000 -1.000000 -1.000000 -1.000000 -1.000000 -1.000000 -1.000000 -1.000000 -1.000000 -1.000000 -1.000000 -1.000000 -1.000000 -1.000000 -1.000000 -1.000000 -1.000000 -1.000000 
-1.000000 -1.000000 -1.000000 -1.000000 -1.000000 -1.000000 -1.000000 -1.000000 -1.000000 -1.000000 -1.000000 -1.000000 -1.000000 -1.000000 -1.000000 -1.000000 -1.000000 -1.000000 -1.000000 -1.000000 
-1.000000 -1.000000 -1.000000 -1.000000 -1.000000 -1.000000 -1.000000 -1.000000 -1.000000 -1.000000 -1.000000 -1.000000 -1.000000 -1.000000 -1.000000 -1.000000 -1.000000 -1.000000 -1.000000 -1.000000 
-1.000000 -1.000000 -1.000000 -1.000000 -1.000000 -1.000000 -1.000000 -1.000000 -1.000000 -1.000000 -1.000000 -1.000000 -1.000000 -1.000000 -1.000000 -1.000000 -1.000000 -1.000000 -1.000000 -1.000000 
-1.000000 -1.000000 -1.000000 -1.000000 -1.000000 -1.000000 -1.000000 -1.000000 -1.000000 -1.000000 -1.000000 -1.000000 -1.000000 -1.000000 -1.000000 -1.000000 -1.000000 -1.000000 -1.000000 -1.000000 
-1.000000 -1.000000 -1.000000 -1.000000 -1.000000 -1.000000 -1.000000 -1.000000 -1.000000 -1.000000 -1.000000 -1.000000 -1.000000 -1.000000 -1.000000 -1.000000 -1.000000 -1.000000 -1.000000 -1.000000 
-1.000000 -1.000000 -1.000000 -1.000000 -1.000000 -1.000000 -1.000000 -1.000000 -1.000000 -1.000000 -1.000000 -1.000000 -1.000000 -1.000000 -1.000000 -1.000000 -1.000000 -1.000000 -1.000000 -1.000000 
Variable: plate_surface__temperature
Number of dimension: 2
Shape: 10 x 20
================
-1.000000 11.000000 22.000000 -1.000000 44.000000 -1.000000 -1.000000 -1.000000 88.000000 -1.000000 -1.000000 -1.000000 -1.000000 -1.000000 -1.000000 -1.000000 1616.000000 -1.000000 -1.000000 -1.000000 
-1.000000 -1.000000 -1.000000 -1.000000 -1.000000 -1.000000 -1.000000 -1.000000 -1.000000 -1.000000 -1.000000 -1.000000 -1.000000 -1.000000 -1.000000 -1.000000 -1.000000 -1.000000 -1.000000 -1.000000 
-1.000000 -1.000000 -1.000000 -1.000000 -1.000000 -1.000000 -1.000000 -1.000000 -1.000000 -1.000000 -1.000000 -1.000000 -1.000000 -1.000000 -1.000000 -1.000000 -1.000000 -1.000000 -1.000000 -1.000000 
-1.000000 -1.000000 -1.000000 -1.000000 -1.000000 -1.000000 -1.000000 -1.000000 -1.000000 -1.000000 -1.000000 -1.000000 -1.000000 -1.000000 -1.000000 -1.000000 -1.000000 -1.000000 -1.000000 -1.000000 
-1.000000 -1.000000 -1.000000 -1.000000 -1.000000 -1.000000 -1.000000 -1.000000 -1.000000 -1.000000 -1.000000 -1.000000 -1.000000 -1.000000 -1.000000 -1.000000 -1.000000 -1.000000 -1.000000 -1.000000 
-1.000000 -1.000000 -1.000000 -1.000000 -1.000000 -1.000000 -1.000000 -1.000000 -1.000000 -1.000000 -1.000000 -1.000000 -1.000000 -1.000000 -1.000000 -1.000000 -1.000000 -1.000000 -1.000000 -1.000000 
-1.000000 -1.000000 -1.000000 -1.000000 -1.000000 -1.000000 -1.000000 -1.000000 -1.000000 -1.000000 -1.000000 -1.000000 -1.000000 -1.000000 -1.000000 -1.000000 -1.000000 -1.000000 -1.000000 -1.000000 
-1.000000 -1.000000 -1.000000 -1.000000 -1.000000 -1.000000 -1.000000 -1.000000 -1.000000 -1.000000 -1.000000 -1.000000 -1.000000 -1.000000 -1.000000 -1.000000 -1.000000 -1.000000 -1.000000 -1.000000 
-1.000000 -1.000000 -1.000000 -1.000000 -1.000000 -1.000000 -1.000000 -1.000000 -1.000000 -1.000000 -1.000000 -1.000000 -1.000000 -1.000000 -1.000000 -1.000000 -1.000000 -1.000000 -1.000000 -1.000000 
-1.000000 -1.000000 -1.000000 -1.000000 -1.000000 -1.000000 -1.000000 -1.000000 -1.000000 -1.000000 -1.000000 -1.000000 -1.000000 -1.000000 -1.000000 -1.000000 -1.000000 -1.000000 -1.000000 -1.000000 
Checking 1...PASS
Checking 2...PASS
Checking 4...PASS
Checking 8...PASS
Checking 16...PASS
<end of output>
Test time =   0.00 sec
----------------------------------------------------------
Test Passed.
"BMI_SET_VALUES" end time: Mar 29 21:14 CEST
"BMI_SET_VALUES" time elapsed: 00:00:00
----------------------------------------------------------

5/8 Testing: BMI_GRID_INFO
5/8 Test: BMI_GRID_INFO
Command: "/home/jerom/bmi-example-c/_build/testing/test_grid_info"
Directory: /home/jerom/bmi-example-c/_build/testing
"BMI_GRID_INFO" start time: Mar 29 21:14 CEST
Output:
----------------------------------------------------------
The 2D Heat Equation

Variable info
=============
Name: plate_surface__temperature
Type: double
Units: K
Rank: 2
Dimension: 10 x 20
Resolution: 1.000000 x 1.000000
Corner: 0.000000 x 0.000000
no names is 1

Variable info
=============
Name: plate_surface__temperature
Type: double
Units: K
Rank: 2
Dimension: 10 x 20
Resolution: 1.000000 x 1.000000
Corner: 0.000000 x 0.000000
<end of output>
Test time =   0.00 sec
----------------------------------------------------------
Test Passed.
"BMI_GRID_INFO" end time: Mar 29 21:14 CEST
"BMI_GRID_INFO" time elapsed: 00:00:00
----------------------------------------------------------

6/8 Testing: BMI_REINITIALIZE
6/8 Test: BMI_REINITIALIZE
Command: "/home/jerom/bmi-example-c/_build/testing/test_reinitialize"
Directory: /home/jerom/bmi-example-c/_build/testing
"BMI_REINITIALIZE" start time: Mar 29 21:14 CEST
Output:
----------------------------------------------------------
Reinitialize 1
Initializing... PASS
The 2D Heat Equation
Finalizing... PASS
Reinitialize 2
Initializing... PASS
The 2D Heat Equation
Finalizing... PASS
Reinitialize 3
Initializing... PASS
The 2D Heat Equation
Finalizing... PASS
<end of output>
Test time =   0.00 sec
----------------------------------------------------------
Test Passed.
"BMI_REINITIALIZE" end time: Mar 29 21:14 CEST
"BMI_REINITIALIZE" time elapsed: 00:00:00
----------------------------------------------------------

7/8 Testing: BMI_CONFLICTING_INSTANCES
7/8 Test: BMI_CONFLICTING_INSTANCES
Command: "/home/jerom/bmi-example-c/_build/testing/test_conflicting_instances"
Directory: /home/jerom/bmi-example-c/_build/testing
"BMI_CONFLICTING_INSTANCES" start time: Mar 29 21:14 CEST
Output:
----------------------------------------------------------
Model 1 initialized
Model 2 initialized
Model 1 temperatures, initial...
0.000000 0.000000 0.000000 0.000000 0.000000 
Model 1 temperatures, changed...
11.000000 22.000000 44.000000 88.000000 1616.000000 
Model 2 temperatures...
0.000000 0.000000 0.000000 0.000000 0.000000 
PASS PASS PASS PASS PASS 
Model 1 finalized
Model 2 finalized
<end of output>
Test time =   0.00 sec
----------------------------------------------------------
Test Passed.
"BMI_CONFLICTING_INSTANCES" end time: Mar 29 21:14 CEST
"BMI_CONFLICTING_INSTANCES" time elapsed: 00:00:00
----------------------------------------------------------

8/8 Testing: BMI_INITIALIZE_FROM_FILE
8/8 Test: BMI_INITIALIZE_FROM_FILE
Command: "/home/jerom/bmi-example-c/_build/testing/test_initialize_from_file"
Directory: /home/jerom/bmi-example-c/_build/testing
"BMI_INITIALIZE_FROM_FILE" start time: Mar 29 21:14 CEST
Output:
----------------------------------------------------------
Initializing... PASS
The 2D Heat Equation
Time step dt = 0.166667
End time t_end = 8.000000
Finalizing... PASS
<end of output>
Test time =   0.00 sec
----------------------------------------------------------
Test Passed.
"BMI_INITIALIZE_FROM_FILE" end time: Mar 29 21:14 CEST
"BMI_INITIALIZE_FROM_FILE" time elapsed: 00:00:00
----------------------------------------------------------

End testing: Mar 29 21:14 CEST
